08/27/2022 10:28:14 PM: INFO: Test_001_login: *******************Test_001_login***********************
08/27/2022 10:28:14 PM: INFO: Test_001_login: *******************Verifying Home Title ***********************
08/27/2022 10:28:22 PM: INFO: Test_001_login: *****************Home page test is passed*************************
08/27/2022 10:28:23 PM: INFO: Test_001_login: *******************Verifying Login test***********************
08/27/2022 10:28:33 PM: INFO: Test_001_login: *******************Login test is passed***********************
08/27/2022 10:29:59 PM: INFO: Test_001_login: *******************Test_001_login***********************
08/27/2022 10:29:59 PM: INFO: Test_001_login: *******************Verifying Home Title ***********************
08/27/2022 10:30:06 PM: INFO: Test_001_login: *****************Home page test is passed*************************
08/27/2022 10:30:07 PM: INFO: Test_001_login: *******************Verifying Login test***********************
08/27/2022 10:30:16 PM: ERROR: Test_001_login: *******************Login test is passed***********************
08/27/2022 10:32:16 PM: INFO: Test_001_login: *******************Test_001_login***********************
08/27/2022 10:32:16 PM: INFO: Test_001_login: *******************Verifying Home Title ***********************
08/27/2022 10:32:22 PM: INFO: Test_001_login: *****************Home page test is passed*************************
08/27/2022 10:32:23 PM: INFO: Test_001_login: *******************Verifying Login test***********************
08/27/2022 10:32:49 PM: INFO: Test_001_login: *******************Login test is passed***********************
08/27/2022 10:36:01 PM: INFO: Test_001_login: *******************Test_001_login***********************
08/27/2022 10:36:01 PM: INFO: Test_001_login: *******************Verifying Home Title ***********************
08/27/2022 10:36:11 PM: INFO: Test_001_login: *****************Home page test is passed*************************
08/27/2022 10:36:12 PM: INFO: Test_001_login: *******************Verifying Login test***********************
08/27/2022 10:36:54 PM: ERROR: Test_001_login: *****************login test is failed*************************
08/27/2022 10:41:59 PM: INFO: Test_001_login: *******************Test_001_login***********************
08/27/2022 10:41:59 PM: INFO: Test_001_login: *******************Verifying Home Title ***********************
08/27/2022 10:42:07 PM: INFO: Test_001_login: *****************Home page test is passed*************************
08/27/2022 10:42:09 PM: INFO: Test_001_login: *******************Verifying Login test***********************
08/27/2022 10:42:23 PM: ERROR: Test_001_login: *****************login test is failed*************************
08/27/2022 11:36:25 PM: INFO: Test_001_login: *******************Test_001_login***********************
08/27/2022 11:36:25 PM: INFO: Test_001_login: *******************Verifying Home Title ***********************
08/27/2022 11:36:48 PM: INFO: Test_001_login: *****************Home page test is passed*************************
08/27/2022 11:36:49 PM: INFO: Test_001_login: *******************Verifying Login test***********************
08/27/2022 11:37:00 PM: INFO: Test_001_login: *******************Login test is passed***********************
